<?xml version="1.0" encoding="UTF-8"?>
<!-- Generated by org.testng.reporters.JUnitXMLReporter -->
<testsuite hostname="ChristopherBarreto3590" ignored="0" name="CheckoutAllRegions" tests="3" failures="1" timestamp="17 Aug 2019 00:31:37 GMT" time="618.03" errors="0">
  <testcase name="test" time="437.611" classname="Nixon.Desktop.checkoutAllPaymentMethodsUSA"/>
  <testcase name="test" time="155.395" classname="Nixon.Desktop.checkoutAllPaymentCA"/>
  <testcase name="test" time="24.992" classname="Nixon.Desktop.checkoutAllPaymentsAU">
    <failure type="org.openqa.selenium.ElementClickInterceptedException" message="element click intercepted: Element &amp;lt;img class=&amp;quot;product-tile-image_img lazyloaded&amp;quot; src=&amp;quot;https://edge.disstg.commercecloud.salesforce.com/dw/image/v2/AAYF_STG/on/demandware.static/-/Sites-masterCatalog_Nixon/default/dw4ef26467/products/A386-1041-view1.jpg?sw=300&amp;amp;amp;sh=330&amp;amp;amp;sm=fit&amp;amp;amp;sfrm=png&amp;quot; data-src=&amp;quot;https://edge.disstg.commercecloud.salesforce.com/dw/image/v2/AAYF_STG/on/demandware.static/-/Sites-masterCatalog_Nixon/default/dw4ef26467/products/A386-1041-view1.jpg?sw=300&amp;amp;amp;sh=330&amp;amp;amp;sm=fit&amp;amp;amp;sfrm=png&amp;quot; alt=&amp;quot;Nixon Sentry Chrono, Matte Black / Gold&amp;quot; title=&amp;quot;Nixon Sentry Chrono, Matte Black / Gold&amp;quot; data-pricing=&amp;quot;&amp;lt;div class=&amp;amp;quot;product-tile-pricing__item-wrapper&amp;amp;quot;&amp;gt;&amp;lt;span class=&amp;amp;quot;product-tile-pricing__sales&amp;amp;quot;&amp;gt;$479.99&amp;lt;/span&amp;gt;&amp;lt;/div&amp;gt;&amp;quot; data-name=&amp;quot;Sentry Chrono &amp;lt;!-- dwMarker=&amp;amp;quot;linclude&amp;amp;quot; dwTemplateTitle=&amp;amp;quot;/default/product/components/casemeasurement.isml (app_nix_core)&amp;amp;quot; dwTemplateURL=&amp;amp;quot;http://localhost:60606/target=/app_nix_core/cartridge/templates/default/product/components/casemeasurement.isml&amp;amp;quot; --&amp;gt;




	&amp;lt;span class=&amp;amp;quot;comma&amp;amp;quot;&amp;gt;,&amp;lt;/span&amp;gt;
	&amp;lt;span class=&amp;amp;quot;product-case-measurement&amp;amp;quot;&amp;gt;
		42
		&amp;lt;span class=&amp;amp;quot;product-case-measurement_unit&amp;amp;quot;&amp;gt;
			mm
		&amp;lt;/span&amp;gt;
	&amp;lt;/span&amp;gt;
&amp;quot;&amp;gt; is not clickable at point (1651, 515). Other element would receive the click: &amp;lt;div class=&amp;quot;email-sign-up-content sign-up-form&amp;quot;&amp;gt;...&amp;lt;/div&amp;gt;
  (Session info: chrome=75.0.3770.142)
  (Driver info: chromedriver=74.0.3729.6 (255758eccf3d244491b8a1317aa76e1ce10d57e9-refs/branch-heads/3729@{#29}),platform=Windows NT 10.0.17763 x86_64) (WARNING: The server did not provide any stacktrace information)
Command duration or timeout: 0 milliseconds
Build info: version: &amp;apos;3.141.59&amp;apos;, revision: &amp;apos;e82be7d358&amp;apos;, time: &amp;apos;2018-11-14T08:25:48&amp;apos;
System info: host: &amp;apos;CHRISTOPHERBARR&amp;apos;, ip: &amp;apos;10.5.2.59&amp;apos;, os.name: &amp;apos;Windows 10&amp;apos;, os.arch: &amp;apos;amd64&amp;apos;, os.version: &amp;apos;10.0&amp;apos;, java.version: &amp;apos;1.8.0_211&amp;apos;
Driver info: org.openqa.selenium.chrome.ChromeDriver
Capabilities {acceptInsecureCerts: false, acceptSslCerts: false, applicationCacheEnabled: false, browserConnectionEnabled: false, browserName: chrome, chrome: {chromedriverVersion: 74.0.3729.6 (255758eccf3d24..., userDataDir: C:\Users\CHRIST~1.BAR\AppDa...}, cssSelectorsEnabled: true, databaseEnabled: false, goog:chromeOptions: {debuggerAddress: localhost:57037}, handlesAlerts: true, hasTouchScreen: false, javascriptEnabled: true, locationContextEnabled: true, mobileEmulationEnabled: false, nativeEvents: true, networkConnectionEnabled: false, pageLoadStrategy: normal, platform: XP, platformName: XP, proxy: Proxy(), rotatable: false, setWindowRect: true, strictFileInteractability: false, takesHeapSnapshot: true, takesScreenshot: true, timeouts: {implicit: 0, pageLoad: 300000, script: 30000}, unexpectedAlertBehaviour: ignore, unhandledPromptBehavior: ignore, version: 75.0.3770.142, webStorageEnabled: true}
Session ID: ef476a701dc498875db1935b605fef1f">
      <![CDATA[org.openqa.selenium.ElementClickInterceptedException: element click intercepted: Element <img class="product-tile-image_img lazyloaded" src="https://edge.disstg.commercecloud.salesforce.com/dw/image/v2/AAYF_STG/on/demandware.static/-/Sites-masterCatalog_Nixon/default/dw4ef26467/products/A386-1041-view1.jpg?sw=300&amp;sh=330&amp;sm=fit&amp;sfrm=png" data-src="https://edge.disstg.commercecloud.salesforce.com/dw/image/v2/AAYF_STG/on/demandware.static/-/Sites-masterCatalog_Nixon/default/dw4ef26467/products/A386-1041-view1.jpg?sw=300&amp;sh=330&amp;sm=fit&amp;sfrm=png" alt="Nixon Sentry Chrono, Matte Black / Gold" title="Nixon Sentry Chrono, Matte Black / Gold" data-pricing="<div class=&quot;product-tile-pricing__item-wrapper&quot;><span class=&quot;product-tile-pricing__sales&quot;>$479.99</span></div>" data-name="Sentry Chrono <!-- dwMarker=&quot;linclude&quot; dwTemplateTitle=&quot;/default/product/components/casemeasurement.isml (app_nix_core)&quot; dwTemplateURL=&quot;http://localhost:60606/target=/app_nix_core/cartridge/templates/default/product/components/casemeasurement.isml&quot; -->




<span class=&quot;comma&quot;>,</span>
<span class=&quot;product-case-measurement&quot;>
42
<span class=&quot;product-case-measurement_unit&quot;>
mm
</span>
</span>
"> is not clickable at point (1651, 515). Other element would receive the click: <div class="email-sign-up-content sign-up-form">...</div>
  (Session info: chrome=75.0.3770.142)
  (Driver info: chromedriver=74.0.3729.6 (255758eccf3d244491b8a1317aa76e1ce10d57e9-refs/branch-heads/3729@{#29}),platform=Windows NT 10.0.17763 x86_64) (WARNING: The server did not provide any stacktrace information)
Command duration or timeout: 0 milliseconds
Build info: version: '3.141.59', revision: 'e82be7d358', time: '2018-11-14T08:25:48'
System info: host: 'CHRISTOPHERBARR', ip: '10.5.2.59', os.name: 'Windows 10', os.arch: 'amd64', os.version: '10.0', java.version: '1.8.0_211'
Driver info: org.openqa.selenium.chrome.ChromeDriver
Capabilities {acceptInsecureCerts: false, acceptSslCerts: false, applicationCacheEnabled: false, browserConnectionEnabled: false, browserName: chrome, chrome: {chromedriverVersion: 74.0.3729.6 (255758eccf3d24..., userDataDir: C:\Users\CHRIST~1.BAR\AppDa...}, cssSelectorsEnabled: true, databaseEnabled: false, goog:chromeOptions: {debuggerAddress: localhost:57037}, handlesAlerts: true, hasTouchScreen: false, javascriptEnabled: true, locationContextEnabled: true, mobileEmulationEnabled: false, nativeEvents: true, networkConnectionEnabled: false, pageLoadStrategy: normal, platform: XP, platformName: XP, proxy: Proxy(), rotatable: false, setWindowRect: true, strictFileInteractability: false, takesHeapSnapshot: true, takesScreenshot: true, timeouts: {implicit: 0, pageLoad: 300000, script: 30000}, unexpectedAlertBehaviour: ignore, unhandledPromptBehavior: ignore, version: 75.0.3770.142, webStorageEnabled: true}
Session ID: ef476a701dc498875db1935b605fef1f
at org.openqa.selenium.remote.ErrorHandler.createThrowable(ErrorHandler.java:214)
at org.openqa.selenium.remote.ErrorHandler.throwIfResponseFailed(ErrorHandler.java:166)
at org.openqa.selenium.remote.http.JsonHttpResponseCodec.reconstructValue(JsonHttpResponseCodec.java:40)
at org.openqa.selenium.remote.http.AbstractHttpResponseCodec.decode(AbstractHttpResponseCodec.java:80)
at org.openqa.selenium.remote.http.AbstractHttpResponseCodec.decode(AbstractHttpResponseCodec.java:44)
at org.openqa.selenium.remote.HttpCommandExecutor.execute(HttpCommandExecutor.java:158)
at org.openqa.selenium.remote.service.DriverCommandExecutor.execute(DriverCommandExecutor.java:83)
at org.openqa.selenium.remote.RemoteWebDriver.execute(RemoteWebDriver.java:552)
at org.openqa.selenium.remote.RemoteWebElement.execute(RemoteWebElement.java:285)
at org.openqa.selenium.remote.RemoteWebElement.click(RemoteWebElement.java:84)
at Nixon.Desktop.checkoutAllPaymentsAU.test(checkoutAllPaymentsAU.java:73)
... Removed 29 stack frames]]>
    </failure>
  </testcase> <!-- test -->
</testsuite> <!-- CheckoutAllRegions -->
