<?xml version="1.0" encoding="UTF-8"?>
<!-- Generated by org.testng.reporters.JUnitReportReporter -->
<testsuite skipped="0" hostname="ChristopherBarreto3590" name="TestClass" tests="1" failures="0" timestamp="15 Nov 2019 18:41:19 GMT" time="2.605" errors="1">
  <testcase name="test" time="2.605" classname="TestClass">
    <error type="org.openqa.selenium.SessionNotCreatedException" message="session not created: This version of ChromeDriver only supports Chrome version 76
Build info: version: &#039;3.141.59&#039;, revision: &#039;e82be7d358&#039;, time: &#039;2018-11-14T08:25:48&#039;
System info: host: &#039;CHRISTOPHERBARR&#039;, ip: &#039;10.5.2.54&#039;, os.name: &#039;Windows 10&#039;, os.arch: &#039;amd64&#039;, os.version: &#039;10.0&#039;, java.version: &#039;1.8.0_211&#039;
Driver info: driver.version: ChromeDriver
remote stacktrace: Backtrace:
	Ordinal0 [0x00BB7C53+1473619]
	Ordinal0 [0x00B3AD71+961905]
	Ordinal0 [0x00AC42B3+475827]
	Ordinal0 [0x00A5F365+62309]
	Ordinal0 [0x00A5BC77+48247]
	Ordinal0 [0x00A79149+168265]
	Ordinal0 [0x00A78D1D+167197]
	Ordinal0 [0x00A7742B+160811]
	Ordinal0 [0x00A60AE6+68326]
	Ordinal0 [0x00A61BF0+72688]
	Ordinal0 [0x00A61B89+72585]
	Ordinal0 [0x00B54B37+1067831]
	GetHandleVerifier [0x00C56845+506677]
	GetHandleVerifier [0x00C565E0+506064]
	GetHandleVerifier [0x00C5D188+533624]
	GetHandleVerifier [0x00C5701A+508682]
	Ordinal0 [0x00B4C226+1032742]
	Ordinal0 [0x00B4C09F+1032351]
	Ordinal0 [0x00B56A4B+1075787]
	Ordinal0 [0x00B56BB3+1076147]
	Ordinal0 [0x00B55B65+1071973]
	BaseThreadInitThunk [0x761D0419+25]
	RtlGetAppContainerNamedObjectPath [0x77C2662D+237]
	RtlGetAppContainerNamedObjectPath [0x77C265FD+189]
">
      <![CDATA[org.openqa.selenium.SessionNotCreatedException: session not created: This version of ChromeDriver only supports Chrome version 76
Build info: version: '3.141.59', revision: 'e82be7d358', time: '2018-11-14T08:25:48'
System info: host: 'CHRISTOPHERBARR', ip: '10.5.2.54', os.name: 'Windows 10', os.arch: 'amd64', os.version: '10.0', java.version: '1.8.0_211'
Driver info: driver.version: ChromeDriver
remote stacktrace: Backtrace:
Ordinal0 [0x00BB7C53+1473619]
Ordinal0 [0x00B3AD71+961905]
Ordinal0 [0x00AC42B3+475827]
Ordinal0 [0x00A5F365+62309]
Ordinal0 [0x00A5BC77+48247]
Ordinal0 [0x00A79149+168265]
Ordinal0 [0x00A78D1D+167197]
Ordinal0 [0x00A7742B+160811]
Ordinal0 [0x00A60AE6+68326]
Ordinal0 [0x00A61BF0+72688]
Ordinal0 [0x00A61B89+72585]
Ordinal0 [0x00B54B37+1067831]
GetHandleVerifier [0x00C56845+506677]
GetHandleVerifier [0x00C565E0+506064]
GetHandleVerifier [0x00C5D188+533624]
GetHandleVerifier [0x00C5701A+508682]
Ordinal0 [0x00B4C226+1032742]
Ordinal0 [0x00B4C09F+1032351]
Ordinal0 [0x00B56A4B+1075787]
Ordinal0 [0x00B56BB3+1076147]
Ordinal0 [0x00B55B65+1071973]
BaseThreadInitThunk [0x761D0419+25]
RtlGetAppContainerNamedObjectPath [0x77C2662D+237]
RtlGetAppContainerNamedObjectPath [0x77C265FD+189]

at sun.reflect.NativeConstructorAccessorImpl.newInstance0(Native Method)
at sun.reflect.NativeConstructorAccessorImpl.newInstance(Unknown Source)
at sun.reflect.DelegatingConstructorAccessorImpl.newInstance(Unknown Source)
at java.lang.reflect.Constructor.newInstance(Unknown Source)
at org.openqa.selenium.remote.W3CHandshakeResponse.lambda$errorHandler$0(W3CHandshakeResponse.java:62)
at org.openqa.selenium.remote.HandshakeResponse.lambda$getResponseFunction$0(HandshakeResponse.java:30)
at org.openqa.selenium.remote.ProtocolHandshake.lambda$createSession$0(ProtocolHandshake.java:126)
at java.util.stream.ReferencePipeline$3$1.accept(Unknown Source)
at java.util.Spliterators$ArraySpliterator.tryAdvance(Unknown Source)
at java.util.stream.ReferencePipeline.forEachWithCancel(Unknown Source)
at java.util.stream.AbstractPipeline.copyIntoWithCancel(Unknown Source)
at java.util.stream.AbstractPipeline.copyInto(Unknown Source)
at java.util.stream.AbstractPipeline.wrapAndCopyInto(Unknown Source)
at java.util.stream.FindOps$FindOp.evaluateSequential(Unknown Source)
at java.util.stream.AbstractPipeline.evaluate(Unknown Source)
at java.util.stream.ReferencePipeline.findFirst(Unknown Source)
at org.openqa.selenium.remote.ProtocolHandshake.createSession(ProtocolHandshake.java:128)
at org.openqa.selenium.remote.ProtocolHandshake.createSession(ProtocolHandshake.java:74)
at org.openqa.selenium.remote.HttpCommandExecutor.execute(HttpCommandExecutor.java:136)
at org.openqa.selenium.remote.service.DriverCommandExecutor.execute(DriverCommandExecutor.java:83)
at org.openqa.selenium.remote.RemoteWebDriver.execute(RemoteWebDriver.java:552)
at org.openqa.selenium.remote.RemoteWebDriver.startSession(RemoteWebDriver.java:213)
at org.openqa.selenium.remote.RemoteWebDriver.<init>(RemoteWebDriver.java:131)
at org.openqa.selenium.chrome.ChromeDriver.<init>(ChromeDriver.java:181)
at org.openqa.selenium.chrome.ChromeDriver.<init>(ChromeDriver.java:168)
at org.openqa.selenium.chrome.ChromeDriver.<init>(ChromeDriver.java:123)
at ReusableMethods.ReusableMethod.openbrowser(ReusableMethod.java:54)
at TestClass.test(TestClass.java:28)
at sun.reflect.NativeMethodAccessorImpl.invoke0(Native Method)
at sun.reflect.NativeMethodAccessorImpl.invoke(Unknown Source)
at sun.reflect.DelegatingMethodAccessorImpl.invoke(Unknown Source)
at java.lang.reflect.Method.invoke(Unknown Source)
at org.testng.internal.MethodInvocationHelper.invokeMethod(MethodInvocationHelper.java:124)
at org.testng.internal.Invoker.invokeMethod(Invoker.java:583)
at org.testng.internal.Invoker.invokeTestMethod(Invoker.java:719)
at org.testng.internal.Invoker.invokeTestMethods(Invoker.java:989)
at org.testng.internal.TestMethodWorker.invokeTestMethods(TestMethodWorker.java:125)
at org.testng.internal.TestMethodWorker.run(TestMethodWorker.java:109)
at org.testng.TestRunner.privateRun(TestRunner.java:648)
at org.testng.TestRunner.run(TestRunner.java:505)
at org.testng.SuiteRunner.runTest(SuiteRunner.java:455)
at org.testng.SuiteRunner.runSequentially(SuiteRunner.java:450)
at org.testng.SuiteRunner.privateRun(SuiteRunner.java:415)
at org.testng.SuiteRunner.run(SuiteRunner.java:364)
at org.testng.SuiteRunnerWorker.runSuite(SuiteRunnerWorker.java:52)
at org.testng.SuiteRunnerWorker.run(SuiteRunnerWorker.java:84)
at org.testng.TestNG.runSuitesSequentially(TestNG.java:1208)
at org.testng.TestNG.runSuitesLocally(TestNG.java:1137)
at org.testng.TestNG.runSuites(TestNG.java:1049)
at org.testng.TestNG.run(TestNG.java:1017)
at org.testng.remote.AbstractRemoteTestNG.run(AbstractRemoteTestNG.java:115)
at org.testng.remote.RemoteTestNG.initAndRun(RemoteTestNG.java:251)
at org.testng.remote.RemoteTestNG.main(RemoteTestNG.java:77)
]]>
    </error>
  </testcase> <!-- test -->
</testsuite> <!-- TestClass -->
